[2023-04-08 11:27:08] production.ERROR: Illegal string offset 'title' {"exception":"[object] (ErrorException(code: 0): Illegal string offset 'title' at /home/935737.cloudwaysapps.com/uvrmhbydpw/public_html/app/Helpers/helper.php:1286)
[stacktrace]
#0 /home/935737.cloudwaysapps.com/uvrmhbydpw/public_html/app/Helpers/helper.php(1286): Illuminate\\Foundation\\Bootstrap\\HandleExceptions->handleError()
#1 /home/935737.cloudwaysapps.com/uvrmhbydpw/public_html/app/Http/Controllers/Api/Config/ConfigController.php(42): getOfflineBanksTitle()
#2 /home/935737.cloudwaysapps.com/uvrmhbydpw/public_html/app/Http/Controllers/Api/Config/ConfigController.php(19): App\\Http\\Controllers\\Api\\Config\\ConfigController::get()
#3 /home/935737.cloudwaysapps.com/uvrmhbydpw/public_html/vendor/laravel/framework/src/Illuminate/Routing/Controller.php(54): App\\Http\\Controllers\\Api\\Config\\ConfigController->list()
#4 /home/935737.cloudwaysapps.com/uvrmhbydpw/public_html/vendor/laravel/framework/src/Illuminate/Routing/ControllerDispatcher.php(45): Illuminate\\Routing\\Controller->callAction()
#5 /home/935737.cloudwaysapps.com/uvrmhbydpw/public_html/vendor/laravel/framework/src/Illuminate/Routing/Route.php(239): Illuminate\\Routing\\ControllerDispatcher->dispatch()
#6 /home/935737.cloudwaysapps.com/uvrmhbydpw/public_html/vendor/laravel/framework/src/Illuminate/Routing/Route.php(196): Illuminate\\Routing\\Route->runController()
#7 /home/935737.cloudwaysapps.com/uvrmhbydpw/public_html/vendor/laravel/framework/src/Illuminate/Routing/Router.php(685): Illuminate\\Routing\\Route->run()
#8 /home/935737.cloudwaysapps.com/uvrmhbydpw/public_html/vendor/laravel/framework/src/Illuminate/Pipeline/Pipeline.php(128): Illuminate\\Routing\\Router->Illuminate\\Routing\\{closure}()
#9 /home/935737.cloudwaysapps.com/uvrmhbydpw/public_html/app/Http/Middleware/Api/SetLocale.php(74): Illuminate\\Pipeline\\Pipeline->Illuminate\\Pipeline\\{closure}()
#10 /home/935737.cloudwaysapps.com/uvrmhbydpw/public_html/vendor/laravel/framework/src/Illuminate/Pipeline/Pipeline.php(167): App\\Http\\Middleware\\Api\\SetLocale->handle()
#11 /home/935737.cloudwaysapps.com/uvrmhbydpw/public_html/app/Http/Middleware/Api/CheckApiKey.php(23): Illuminate\\Pipeline\\Pipeline->Illuminate\\Pipeline\\{closure}()
#12 /home/935737.cloudwaysapps.com/uvrmhbydpw/public_html/vendor/laravel/framework/src/Illuminate/Pipeline/Pipeline.php(167): App\\Http\\Middleware\\Api\\CheckApiKey->handle()
#13 /home/935737.cloudwaysapps.com/uvrmhbydpw/public_html/vendor/laravel/framework/src/Illuminate/Routing/Middleware/SubstituteBindings.php(41): Illuminate\\Pipeline\\Pipeline->Illuminate\\Pipeline\\{closure}()
#14 /home/935737.cloudwaysapps.com/uvrmhbydpw/public_html/vendor/laravel/framework/src/Illuminate/Pipeline/Pipeline.php(167): Illuminate\\Routing\\Middleware\\SubstituteBindings->handle()
#15 /home/935737.cloudwaysapps.com/uvrmhbydpw/public_html/vendor/laravel/framework/src/Illuminate/Routing/Middleware/ThrottleRequests.php(59): Illuminate\\Pipeline\\Pipeline->Illuminate\\Pipeline\\{closure}()
#16 /home/935737.cloudwaysapps.com/uvrmhbydpw/public_html/vendor/laravel/framework/src/Illuminate/Pipeline/Pipeline.php(167): Illuminate\\Routing\\Middleware\\ThrottleRequests->handle()
#17 /home/935737.cloudwaysapps.com/uvrmhbydpw/public_html/vendor/laravel/framework/src/Illuminate/Pipeline/Pipeline.php(103): Illuminate\\Pipeline\\Pipeline->Illuminate\\Pipeline\\{closure}()
#18 /home/935737.cloudwaysapps.com/uvrmhbydpw/public_html/vendor/laravel/framework/src/Illuminate/Routing/Router.php(687): Illuminate\\Pipeline\\Pipeline->then()
#19 /home/935737.cloudwaysapps.com/uvrmhbydpw/public_html/vendor/laravel/framework/src/Illuminate/Routing/Router.php(662): Illuminate\\Routing\\Router->runRouteWithinStack()
#20 /home/935737.cloudwaysapps.com/uvrmhbydpw/public_html/vendor/laravel/framework/src/Illuminate/Routing/Router.php(628): Illuminate\\Routing\\Router->runRoute()
#21 /home/935737.cloudwaysapps.com/uvrmhbydpw/public_html/vendor/laravel/framework/src/Illuminate/Routing/Router.php(617): Illuminate\\Routing\\Router->dispatchToRoute()
#22 /home/935737.cloudwaysapps.com/uvrmhbydpw/public_html/vendor/laravel/framework/src/Illuminate/Foundation/Http/Kernel.php(165): Illuminate\\Routing\\Router->dispatch()
#23 /home/935737.cloudwaysapps.com/uvrmhbydpw/public_html/vendor/laravel/framework/src/Illuminate/Pipeline/Pipeline.php(128): Illuminate\\Foundation\\Http\\Kernel->Illuminate\\Foundation\\Http\\{closure}()
#24 /home/935737.cloudwaysapps.com/uvrmhbydpw/public_html/vendor/barryvdh/laravel-debugbar/src/Middleware/InjectDebugbar.php(60): Illuminate\\Pipeline\\Pipeline->Illuminate\\Pipeline\\{closure}()
#25 /home/935737.cloudwaysapps.com/uvrmhbydpw/public_html/vendor/laravel/framework/src/Illuminate/Pipeline/Pipeline.php(167): Barryvdh\\Debugbar\\Middleware\\InjectDebugbar->handle()
#26 /home/935737.cloudwaysapps.com/uvrmhbydpw/public_html/vendor/laravel/framework/src/Illuminate/Foundation/Http/Middleware/TransformsRequest.php(21): Illuminate\\Pipeline\\Pipeline->Illuminate\\Pipeline\\{closure}()
#27 /home/935737.cloudwaysapps.com/uvrmhbydpw/public_html/vendor/laravel/framework/src/Illuminate/Pipeline/Pipeline.php(167): Illuminate\\Foundation\\Http\\Middleware\\TransformsRequest->handle()
#28 /home/935737.cloudwaysapps.com/uvrmhbydpw/public_html/vendor/laravel/framework/src/Illuminate/Foundation/Http/Middleware/TransformsRequest.php(21): Illuminate\\Pipeline\\Pipeline->Illuminate\\Pipeline\\{closure}()
#29 /home/935737.cloudwaysapps.com/uvrmhbydpw/public_html/vendor/laravel/framework/src/Illuminate/Pipeline/Pipeline.php(167): Illuminate\\Foundation\\Http\\Middleware\\TransformsRequest->handle()
#30 /home/935737.cloudwaysapps.com/uvrmhbydpw/public_html/vendor/laravel/framework/src/Illuminate/Foundation/Http/Middleware/ValidatePostSize.php(27): Illuminate\\Pipeline\\Pipeline->Illuminate\\Pipeline\\{closure}()
#31 /home/935737.cloudwaysapps.com/uvrmhbydpw/public_html/vendor/laravel/framework/src/Illuminate/Pipeline/Pipeline.php(167): Illuminate\\Foundation\\Http\\Middleware\\ValidatePostSize->handle()
#32 /home/935737.cloudwaysapps.com/uvrmhbydpw/public_html/vendor/laravel/framework/src/Illuminate/Foundation/Http/Middleware/CheckForMaintenanceMode.php(63): Illuminate\\Pipeline\\Pipeline->Illuminate\\Pipeline\\{closure}()
#33 /home/935737.cloudwaysapps.com/uvrmhbydpw/public_html/vendor/laravel/framework/src/Illuminate/Pipeline/Pipeline.php(167): Illuminate\\Foundation\\Http\\Middleware\\CheckForMaintenanceMode->handle()
#34 /home/935737.cloudwaysapps.com/uvrmhbydpw/public_html/vendor/fruitcake/laravel-cors/src/HandleCors.php(37): Illuminate\\Pipeline\\Pipeline->Illuminate\\Pipeline\\{closure}()
#35 /home/935737.cloudwaysapps.com/uvrmhbydpw/public_html/vendor/laravel/framework/src/Illuminate/Pipeline/Pipeline.php(167): Fruitcake\\Cors\\HandleCors->handle()
#36 /home/935737.cloudwaysapps.com/uvrmhbydpw/public_html/vendor/fideloper/proxy/src/TrustProxies.php(57): Illuminate\\Pipeline\\Pipeline->Illuminate\\Pipeline\\{closure}()
#37 /home/935737.cloudwaysapps.com/uvrmhbydpw/public_html/vendor/laravel/framework/src/Illuminate/Pipeline/Pipeline.php(167): Fideloper\\Proxy\\TrustProxies->handle()
#38 /home/935737.cloudwaysapps.com/uvrmhbydpw/public_html/vendor/laravel/framework/src/Illuminate/Pipeline/Pipeline.php(103): Illuminate\\Pipeline\\Pipeline->Illuminate\\Pipeline\\{closure}()
#39 /home/935737.cloudwaysapps.com/uvrmhbydpw/public_html/vendor/laravel/framework/src/Illuminate/Foundation/Http/Kernel.php(140): Illuminate\\Pipeline\\Pipeline->then()
#40 /home/935737.cloudwaysapps.com/uvrmhbydpw/public_html/vendor/laravel/framework/src/Illuminate/Foundation/Http/Kernel.php(109): Illuminate\\Foundation\\Http\\Kernel->sendRequestThroughRouter()
#41 /home/935737.cloudwaysapps.com/uvrmhbydpw/public_html/public/index.php(55): Illuminate\\Foundation\\Http\\Kernel->handle()
#42 {main}
"} 
[2023-04-09 19:04:45] production.ERROR: Undefined index: site_name {"exception":"[object] (ErrorException(code: 0): Undefined index: site_name at /home/935737.cloudwaysapps.com/uvrmhbydpw/public_html/app/Notifications/SendVerificationEmailCode.php:48)
[stacktrace]
#0 /home/935737.cloudwaysapps.com/uvrmhbydpw/public_html/app/Notifications/SendVerificationEmailCode.php(48): Illuminate\\Foundation\\Bootstrap\\HandleExceptions->handleError()
#1 /home/935737.cloudwaysapps.com/uvrmhbydpw/public_html/vendor/laravel/framework/src/Illuminate/Notifications/Channels/MailChannel.php(51): App\\Notifications\\SendVerificationEmailCode->toMail()
#2 /home/935737.cloudwaysapps.com/uvrmhbydpw/public_html/vendor/laravel/framework/src/Illuminate/Notifications/NotificationSender.php(148): Illuminate\\Notifications\\Channels\\MailChannel->send()
#3 /home/935737.cloudwaysapps.com/uvrmhbydpw/public_html/vendor/laravel/framework/src/Illuminate/Notifications/NotificationSender.php(106): Illuminate\\Notifications\\NotificationSender->sendToNotifiable()
#4 /home/935737.cloudwaysapps.com/uvrmhbydpw/public_html/vendor/laravel/framework/src/Illuminate/Support/Traits/Localizable.php(19): Illuminate\\Notifications\\NotificationSender->Illuminate\\Notifications\\{closure}()
#5 /home/935737.cloudwaysapps.com/uvrmhbydpw/public_html/vendor/laravel/framework/src/Illuminate/Notifications/NotificationSender.php(109): Illuminate\\Notifications\\NotificationSender->withLocale()
#6 /home/935737.cloudwaysapps.com/uvrmhbydpw/public_html/vendor/laravel/framework/src/Illuminate/Notifications/NotificationSender.php(79): Illuminate\\Notifications\\NotificationSender->sendNow()
#7 /home/935737.cloudwaysapps.com/uvrmhbydpw/public_html/vendor/laravel/framework/src/Illuminate/Notifications/ChannelManager.php(39): Illuminate\\Notifications\\NotificationSender->send()
#8 /home/935737.cloudwaysapps.com/uvrmhbydpw/public_html/vendor/laravel/framework/src/Illuminate/Notifications/RoutesNotifications.php(18): Illuminate\\Notifications\\ChannelManager->send()
#9 /home/935737.cloudwaysapps.com/uvrmhbydpw/public_html/app/Models/Verification.php(28): App\\Models\\Verification->notify()
#10 /home/935737.cloudwaysapps.com/uvrmhbydpw/public_html/app/Http/Controllers/Auth/VerificationController.php(114): App\\Models\\Verification->sendEmailCode()
#11 /home/935737.cloudwaysapps.com/uvrmhbydpw/public_html/app/Http/Controllers/Auth/RegisterController.php(200): App\\Http\\Controllers\\Auth\\VerificationController->checkConfirmed()
#12 /home/935737.cloudwaysapps.com/uvrmhbydpw/public_html/vendor/laravel/framework/src/Illuminate/Routing/Controller.php(54): App\\Http\\Controllers\\Auth\\RegisterController->register()
#13 /home/935737.cloudwaysapps.com/uvrmhbydpw/public_html/vendor/laravel/framework/src/Illuminate/Routing/ControllerDispatcher.php(45): Illuminate\\Routing\\Controller->callAction()
#14 /home/935737.cloudwaysapps.com/uvrmhbydpw/public_html/vendor/laravel/framework/src/Illuminate/Routing/Route.php(239): Illuminate\\Routing\\ControllerDispatcher->dispatch()
#15 /home/935737.cloudwaysapps.com/uvrmhbydpw/public_html/vendor/laravel/framework/src/Illuminate/Routing/Route.php(196): Illuminate\\Routing\\Route->runController()
#16 /home/935737.cloudwaysapps.com/uvrmhbydpw/public_html/vendor/laravel/framework/src/Illuminate/Routing/Router.php(685): Illuminate\\Routing\\Route->run()
#17 /home/935737.cloudwaysapps.com/uvrmhbydpw/public_html/vendor/laravel/framework/src/Illuminate/Pipeline/Pipeline.php(128): Illuminate\\Routing\\Router->Illuminate\\Routing\\{closure}()
#18 /home/935737.cloudwaysapps.com/uvrmhbydpw/public_html/app/Http/Middleware/RedirectIfAuthenticated.php(25): Illuminate\\Pipeline\\Pipeline->Illuminate\\Pipeline\\{closure}()
#19 /home/935737.cloudwaysapps.com/uvrmhbydpw/public_html/vendor/laravel/framework/src/Illuminate/Pipeline/Pipeline.php(167): App\\Http\\Middleware\\RedirectIfAuthenticated->handle()
#20 /home/935737.cloudwaysapps.com/uvrmhbydpw/public_html/app/Http/Middleware/CheckMaintenance.php(37): Illuminate\\Pipeline\\Pipeline->Illuminate\\Pipeline\\{closure}()
#21 /home/935737.cloudwaysapps.com/uvrmhbydpw/public_html/vendor/laravel/framework/src/Illuminate/Pipeline/Pipeline.php(167): App\\Http\\Middleware\\CheckMaintenance->handle()
#22 /home/935737.cloudwaysapps.com/uvrmhbydpw/public_html/app/Http/Middleware/Share.php(74): Illuminate\\Pipeline\\Pipeline->Illuminate\\Pipeline\\{closure}()
#23 /home/935737.cloudwaysapps.com/uvrmhbydpw/public_html/vendor/laravel/framework/src/Illuminate/Pipeline/Pipeline.php(167): App\\Http\\Middleware\\Share->handle()
#24 /home/935737.cloudwaysapps.com/uvrmhbydpw/public_html/app/Http/Middleware/CheckMobileApp.php(25): Illuminate\\Pipeline\\Pipeline->Illuminate\\Pipeline\\{closure}()
#25 /home/935737.cloudwaysapps.com/uvrmhbydpw/public_html/vendor/laravel/framework/src/Illuminate/Pipeline/Pipeline.php(167): App\\Http\\Middleware\\CheckMobileApp->handle()
#26 /home/935737.cloudwaysapps.com/uvrmhbydpw/public_html/app/Http/Middleware/DebugBar.php(22): Illuminate\\Pipeline\\Pipeline->Illuminate\\Pipeline\\{closure}()
#27 /home/935737.cloudwaysapps.com/uvrmhbydpw/public_html/vendor/laravel/framework/src/Illuminate/Pipeline/Pipeline.php(167): App\\Http\\Middleware\\DebugBar->handle()
#28 /home/935737.cloudwaysapps.com/uvrmhbydpw/public_html/app/Http/Middleware/UserLocale.php(44): Illuminate\\Pipeline\\Pipeline->Illuminate\\Pipeline\\{closure}()
#29 /home/935737.cloudwaysapps.com/uvrmhbydpw/public_html/vendor/laravel/framework/src/Illuminate/Pipeline/Pipeline.php(167): App\\Http\\Middleware\\UserLocale->handle()
#30 /home/935737.cloudwaysapps.com/uvrmhbydpw/public_html/vendor/laravel/framework/src/Illuminate/Routing/Middleware/SubstituteBindings.php(41): Illuminate\\Pipeline\\Pipeline->Illuminate\\Pipeline\\{closure}()
#31 /home/935737.cloudwaysapps.com/uvrmhbydpw/public_html/vendor/laravel/framework/src/Illuminate/Pipeline/Pipeline.php(167): Illuminate\\Routing\\Middleware\\SubstituteBindings->handle()
#32 /home/935737.cloudwaysapps.com/uvrmhbydpw/public_html/vendor/laravel/framework/src/Illuminate/Foundation/Http/Middleware/VerifyCsrfToken.php(78): Illuminate\\Pipeline\\Pipeline->Illuminate\\Pipeline\\{closure}()
#33 /home/935737.cloudwaysapps.com/uvrmhbydpw/public_html/vendor/laravel/framework/src/Illuminate/Pipeline/Pipeline.php(167): Illuminate\\Foundation\\Http\\Middleware\\VerifyCsrfToken->handle()
#34 /home/935737.cloudwaysapps.com/uvrmhbydpw/public_html/vendor/laravel/framework/src/Illuminate/View/Middleware/ShareErrorsFromSession.php(49): Illuminate\\Pipeline\\Pipeline->Illuminate\\Pipeline\\{closure}()
#35 /home/935737.cloudwaysapps.com/uvrmhbydpw/public_html/vendor/laravel/framework/src/Illuminate/Pipeline/Pipeline.php(167): Illuminate\\View\\Middleware\\ShareErrorsFromSession->handle()
#36 /home/935737.cloudwaysapps.com/uvrmhbydpw/public_html/vendor/laravel/framework/src/Illuminate/Session/Middleware/StartSession.php(116): Illuminate\\Pipeline\\Pipeline->Illuminate\\Pipeline\\{closure}()
#37 /home/935737.cloudwaysapps.com/uvrmhbydpw/public_html/vendor/laravel/framework/src/Illuminate/Session/Middleware/StartSession.php(62): Illuminate\\Session\\Middleware\\StartSession->handleStatefulRequest()
#38 /home/935737.cloudwaysapps.com/uvrmhbydpw/public_html/vendor/laravel/framework/src/Illuminate/Pipeline/Pipeline.php(167): Illuminate\\Session\\Middleware\\StartSession->handle()
#39 /home/935737.cloudwaysapps.com/uvrmhbydpw/public_html/vendor/laravel/framework/src/Illuminate/Cookie/Middleware/AddQueuedCookiesToResponse.php(37): Illuminate\\Pipeline\\Pipeline->Illuminate\\Pipeline\\{closure}()
#40 /home/935737.cloudwaysapps.com/uvrmhbydpw/public_html/vendor/laravel/framework/src/Illuminate/Pipeline/Pipeline.php(167): Illuminate\\Cookie\\Middleware\\AddQueuedCookiesToResponse->handle()
#41 /home/935737.cloudwaysapps.com/uvrmhbydpw/public_html/vendor/laravel/framework/src/Illuminate/Cookie/Middleware/EncryptCookies.php(67): Illuminate\\Pipeline\\Pipeline->Illuminate\\Pipeline\\{closure}()
#42 /home/935737.cloudwaysapps.com/uvrmhbydpw/public_html/vendor/laravel/framework/src/Illuminate/Pipeline/Pipeline.php(167): Illuminate\\Cookie\\Middleware\\EncryptCookies->handle()
#43 /home/935737.cloudwaysapps.com/uvrmhbydpw/public_html/vendor/laravel/framework/src/Illuminate/Pipeline/Pipeline.php(103): Illuminate\\Pipeline\\Pipeline->Illuminate\\Pipeline\\{closure}()
#44 /home/935737.cloudwaysapps.com/uvrmhbydpw/public_html/vendor/laravel/framework/src/Illuminate/Routing/Router.php(687): Illuminate\\Pipeline\\Pipeline->then()
#45 /home/935737.cloudwaysapps.com/uvrmhbydpw/public_html/vendor/laravel/framework/src/Illuminate/Routing/Router.php(662): Illuminate\\Routing\\Router->runRouteWithinStack()
#46 /home/935737.cloudwaysapps.com/uvrmhbydpw/public_html/vendor/laravel/framework/src/Illuminate/Routing/Router.php(628): Illuminate\\Routing\\Router->runRoute()
#47 /home/935737.cloudwaysapps.com/uvrmhbydpw/public_html/vendor/laravel/framework/src/Illuminate/Routing/Router.php(617): Illuminate\\Routing\\Router->dispatchToRoute()
#48 /home/935737.cloudwaysapps.com/uvrmhbydpw/public_html/vendor/laravel/framework/src/Illuminate/Foundation/Http/Kernel.php(165): Illuminate\\Routing\\Router->dispatch()
#49 /home/935737.cloudwaysapps.com/uvrmhbydpw/public_html/vendor/laravel/framework/src/Illuminate/Pipeline/Pipeline.php(128): Illuminate\\Foundation\\Http\\Kernel->Illuminate\\Foundation\\Http\\{closure}()
#50 /home/935737.cloudwaysapps.com/uvrmhbydpw/public_html/vendor/barryvdh/laravel-debugbar/src/Middleware/InjectDebugbar.php(60): Illuminate\\Pipeline\\Pipeline->Illuminate\\Pipeline\\{closure}()
#51 /home/935737.cloudwaysapps.com/uvrmhbydpw/public_html/vendor/laravel/framework/src/Illuminate/Pipeline/Pipeline.php(167): Barryvdh\\Debugbar\\Middleware\\InjectDebugbar->handle()
#52 /home/935737.cloudwaysapps.com/uvrmhbydpw/public_html/vendor/laravel/framework/src/Illuminate/Foundation/Http/Middleware/TransformsRequest.php(21): Illuminate\\Pipeline\\Pipeline->Illuminate\\Pipeline\\{closure}()
#53 /home/935737.cloudwaysapps.com/uvrmhbydpw/public_html/vendor/laravel/framework/src/Illuminate/Pipeline/Pipeline.php(167): Illuminate\\Foundation\\Http\\Middleware\\TransformsRequest->handle()
#54 /home/935737.cloudwaysapps.com/uvrmhbydpw/public_html/vendor/laravel/framework/src/Illuminate/Foundation/Http/Middleware/TransformsRequest.php(21): Illuminate\\Pipeline\\Pipeline->Illuminate\\Pipeline\\{closure}()
#55 /home/935737.cloudwaysapps.com/uvrmhbydpw/public_html/vendor/laravel/framework/src/Illuminate/Pipeline/Pipeline.php(167): Illuminate\\Foundation\\Http\\Middleware\\TransformsRequest->handle()
#56 /home/935737.cloudwaysapps.com/uvrmhbydpw/public_html/vendor/laravel/framework/src/Illuminate/Foundation/Http/Middleware/ValidatePostSize.php(27): Illuminate\\Pipeline\\Pipeline->Illuminate\\Pipeline\\{closure}()
#57 /home/935737.cloudwaysapps.com/uvrmhbydpw/public_html/vendor/laravel/framework/src/Illuminate/Pipeline/Pipeline.php(167): Illuminate\\Foundation\\Http\\Middleware\\ValidatePostSize->handle()
#58 /home/935737.cloudwaysapps.com/uvrmhbydpw/public_html/vendor/laravel/framework/src/Illuminate/Foundation/Http/Middleware/CheckForMaintenanceMode.php(63): Illuminate\\Pipeline\\Pipeline->Illuminate\\Pipeline\\{closure}()
#59 /home/935737.cloudwaysapps.com/uvrmhbydpw/public_html/vendor/laravel/framework/src/Illuminate/Pipeline/Pipeline.php(167): Illuminate\\Foundation\\Http\\Middleware\\CheckForMaintenanceMode->handle()
#60 /home/935737.cloudwaysapps.com/uvrmhbydpw/public_html/vendor/fruitcake/laravel-cors/src/HandleCors.php(37): Illuminate\\Pipeline\\Pipeline->Illuminate\\Pipeline\\{closure}()
#61 /home/935737.cloudwaysapps.com/uvrmhbydpw/public_html/vendor/laravel/framework/src/Illuminate/Pipeline/Pipeline.php(167): Fruitcake\\Cors\\HandleCors->handle()
#62 /home/935737.cloudwaysapps.com/uvrmhbydpw/public_html/vendor/fideloper/proxy/src/TrustProxies.php(57): Illuminate\\Pipeline\\Pipeline->Illuminate\\Pipeline\\{closure}()
#63 /home/935737.cloudwaysapps.com/uvrmhbydpw/public_html/vendor/laravel/framework/src/Illuminate/Pipeline/Pipeline.php(167): Fideloper\\Proxy\\TrustProxies->handle()
#64 /home/935737.cloudwaysapps.com/uvrmhbydpw/public_html/vendor/laravel/framework/src/Illuminate/Pipeline/Pipeline.php(103): Illuminate\\Pipeline\\Pipeline->Illuminate\\Pipeline\\{closure}()
#65 /home/935737.cloudwaysapps.com/uvrmhbydpw/public_html/vendor/laravel/framework/src/Illuminate/Foundation/Http/Kernel.php(140): Illuminate\\Pipeline\\Pipeline->then()
#66 /home/935737.cloudwaysapps.com/uvrmhbydpw/public_html/vendor/laravel/framework/src/Illuminate/Foundation/Http/Kernel.php(109): Illuminate\\Foundation\\Http\\Kernel->sendRequestThroughRouter()
#67 /home/935737.cloudwaysapps.com/uvrmhbydpw/public_html/public/index.php(55): Illuminate\\Foundation\\Http\\Kernel->handle()
#68 {main}
"} 
